<?xml version="1.0" encoding="UTF-8"?>
<testsuite name="com.chinu.demo.DemoApplicationTests" tests="3" skipped="0" failures="0" errors="0" timestamp="2022-06-27T14:57:06" hostname="DESKTOP-RL6OOBJ" time="0.649">
  <properties/>
  <testcase name="testSingleUser()" classname="com.chinu.demo.DemoApplicationTests" time="0.354"/>
  <testcase name="testUserRepo()" classname="com.chinu.demo.DemoApplicationTests" time="0.025"/>
  <testcase name="testReadAllUser()" classname="com.chinu.demo.DemoApplicationTests" time="0.265"/>
  <system-out><![CDATA[20:26:57.854 [Test worker] DEBUG org.springframework.test.context.BootstrapUtils - Instantiating CacheAwareContextLoaderDelegate from class [org.springframework.test.context.cache.DefaultCacheAwareContextLoaderDelegate]
20:26:57.870 [Test worker] DEBUG org.springframework.test.context.BootstrapUtils - Instantiating BootstrapContext using constructor [public org.springframework.test.context.support.DefaultBootstrapContext(java.lang.Class,org.springframework.test.context.CacheAwareContextLoaderDelegate)]
20:26:57.916 [Test worker] DEBUG org.springframework.test.context.BootstrapUtils - Instantiating TestContextBootstrapper for test class [com.chinu.demo.DemoApplicationTests] from class [org.springframework.boot.test.context.SpringBootTestContextBootstrapper]
20:26:57.932 [Test worker] INFO org.springframework.boot.test.context.SpringBootTestContextBootstrapper - Neither @ContextConfiguration nor @ContextHierarchy found for test class [com.chinu.demo.DemoApplicationTests], using SpringBootContextLoader
20:26:57.938 [Test worker] DEBUG org.springframework.test.context.support.AbstractContextLoader - Did not detect default resource location for test class [com.chinu.demo.DemoApplicationTests]: class path resource [com/chinu/demo/DemoApplicationTests-context.xml] does not exist
20:26:57.939 [Test worker] DEBUG org.springframework.test.context.support.AbstractContextLoader - Did not detect default resource location for test class [com.chinu.demo.DemoApplicationTests]: class path resource [com/chinu/demo/DemoApplicationTestsContext.groovy] does not exist
20:26:57.940 [Test worker] INFO org.springframework.test.context.support.AbstractContextLoader - Could not detect default resource locations for test class [com.chinu.demo.DemoApplicationTests]: no resource found for suffixes {-context.xml, Context.groovy}.
20:26:57.942 [Test worker] INFO org.springframework.test.context.support.AnnotationConfigContextLoaderUtils - Could not detect default configuration classes for test class [com.chinu.demo.DemoApplicationTests]: DemoApplicationTests does not declare any static, non-private, non-final, nested classes annotated with @Configuration.
20:26:58.030 [Test worker] DEBUG org.springframework.test.context.support.ActiveProfilesUtils - Could not find an 'annotation declaring class' for annotation type [org.springframework.test.context.ActiveProfiles] and class [com.chinu.demo.DemoApplicationTests]
20:26:58.131 [Test worker] DEBUG org.springframework.context.annotation.ClassPathScanningCandidateComponentProvider - Identified candidate component class: file [C:\Users\Chinu\Downloads\demo\build\classes\java\main\com\chinu\demo\DemoApplication.class]
20:26:58.133 [Test worker] INFO org.springframework.boot.test.context.SpringBootTestContextBootstrapper - Found @SpringBootConfiguration com.chinu.demo.DemoApplication for test class com.chinu.demo.DemoApplicationTests
20:26:58.314 [Test worker] DEBUG org.springframework.boot.test.context.SpringBootTestContextBootstrapper - @TestExecutionListeners is not present for class [com.chinu.demo.DemoApplicationTests]: using defaults.
20:26:58.317 [Test worker] INFO org.springframework.boot.test.context.SpringBootTestContextBootstrapper - Loaded default TestExecutionListener class names from location [META-INF/spring.factories]: [org.springframework.boot.test.autoconfigure.restdocs.RestDocsTestExecutionListener, org.springframework.boot.test.autoconfigure.web.client.MockRestServiceServerResetTestExecutionListener, org.springframework.boot.test.autoconfigure.web.servlet.MockMvcPrintOnlyOnFailureTestExecutionListener, org.springframework.boot.test.autoconfigure.web.servlet.WebDriverTestExecutionListener, org.springframework.boot.test.autoconfigure.webservices.client.MockWebServiceServerTestExecutionListener, org.springframework.boot.test.mock.mockito.MockitoTestExecutionListener, org.springframework.boot.test.mock.mockito.ResetMocksTestExecutionListener, org.springframework.test.context.web.ServletTestExecutionListener, org.springframework.test.context.support.DirtiesContextBeforeModesTestExecutionListener, org.springframework.test.context.event.ApplicationEventsTestExecutionListener, org.springframework.test.context.support.DependencyInjectionTestExecutionListener, org.springframework.test.context.support.DirtiesContextTestExecutionListener, org.springframework.test.context.transaction.TransactionalTestExecutionListener, org.springframework.test.context.jdbc.SqlScriptsTestExecutionListener, org.springframework.test.context.event.EventPublishingTestExecutionListener]
20:26:58.368 [Test worker] INFO org.springframework.boot.test.context.SpringBootTestContextBootstrapper - Using TestExecutionListeners: [org.springframework.test.context.web.ServletTestExecutionListener@1992eaf4, org.springframework.test.context.support.DirtiesContextBeforeModesTestExecutionListener@f74e835, org.springframework.test.context.event.ApplicationEventsTestExecutionListener@3276732, org.springframework.boot.test.mock.mockito.MockitoTestExecutionListener@3f28bd56, org.springframework.boot.test.autoconfigure.SpringBootDependencyInjectionTestExecutionListener@31e3250d, org.springframework.test.context.support.DirtiesContextTestExecutionListener@19fe4644, org.springframework.test.context.transaction.TransactionalTestExecutionListener@21d8bcbe, org.springframework.test.context.jdbc.SqlScriptsTestExecutionListener@5be067de, org.springframework.test.context.event.EventPublishingTestExecutionListener@7383eae2, org.springframework.boot.test.autoconfigure.restdocs.RestDocsTestExecutionListener@18245eb0, org.springframework.boot.test.autoconfigure.web.client.MockRestServiceServerResetTestExecutionListener@7c7d3c46, org.springframework.boot.test.autoconfigure.web.servlet.MockMvcPrintOnlyOnFailureTestExecutionListener@24fb6a80, org.springframework.boot.test.autoconfigure.web.servlet.WebDriverTestExecutionListener@48c35007, org.springframework.boot.test.autoconfigure.webservices.client.MockWebServiceServerTestExecutionListener@72a85671, org.springframework.boot.test.mock.mockito.ResetMocksTestExecutionListener@6722db6e]
20:26:58.378 [Test worker] DEBUG org.springframework.test.context.support.AbstractDirtiesContextTestExecutionListener - Before test class: context [DefaultTestContext@3efe7086 testClass = DemoApplicationTests, testInstance = [null], testMethod = [null], testException = [null], mergedContextConfiguration = [WebMergedContextConfiguration@675d8c96 testClass = DemoApplicationTests, locations = '{}', classes = '{class com.chinu.demo.DemoApplication}', contextInitializerClasses = '[]', activeProfiles = '{}', propertySourceLocations = '{}', propertySourceProperties = '{org.springframework.boot.test.context.SpringBootTestContextBootstrapper=true}', contextCustomizers = set[org.springframework.boot.test.autoconfigure.actuate.metrics.MetricsExportContextCustomizerFactory$DisableMetricExportContextCustomizer@1a20270e, org.springframework.boot.test.autoconfigure.properties.PropertyMappingContextCustomizer@0, org.springframework.boot.test.autoconfigure.web.servlet.WebDriverContextCustomizerFactory$Customizer@7e6ef134, org.springframework.boot.test.context.filter.ExcludeFilterContextCustomizer@ee86bcb, org.springframework.boot.test.json.DuplicateJsonObjectContextCustomizerFactory$DuplicateJsonObjectContextCustomizer@6ed3f258, org.springframework.boot.test.mock.mockito.MockitoContextCustomizer@0, org.springframework.boot.test.web.client.TestRestTemplateContextCustomizer@53de625d, org.springframework.boot.test.context.SpringBootTestArgs@1, org.springframework.boot.test.context.SpringBootTestWebEnvironment@e7edb54], resourceBasePath = 'src/main/webapp', contextLoader = 'org.springframework.boot.test.context.SpringBootContextLoader', parent = [null]], attributes = map['org.springframework.test.context.web.ServletTestExecutionListener.activateListener' -> true]], class annotated with @DirtiesContext [false] with mode [null].

  .   ____          _            __ _ _
 /\\ / ___'_ __ _ _(_)_ __  __ _ \ \ \ \
( ( )\___ | '_ | '_| | '_ \/ _` | \ \ \ \
 \\/  ___)| |_)| | | | | || (_| |  ) ) ) )
  '  |____| .__|_| |_|_| |_\__, | / / / /
 =========|_|==============|___/=/_/_/_/
 :: Spring Boot ::                (v2.7.1)

2022-06-27 20:26:58.890  INFO 14040 --- [    Test worker] com.chinu.demo.DemoApplicationTests      : Starting DemoApplicationTests using Java 15.0.1 on DESKTOP-RL6OOBJ with PID 14040 (started by Chinu in C:\Users\Chinu\Downloads\demo)
2022-06-27 20:26:58.893  INFO 14040 --- [    Test worker] com.chinu.demo.DemoApplicationTests      : No active profile set, falling back to 1 default profile: "default"
2022-06-27 20:27:00.141  INFO 14040 --- [    Test worker] .s.d.r.c.RepositoryConfigurationDelegate : Bootstrapping Spring Data JPA repositories in DEFAULT mode.
2022-06-27 20:27:00.229  INFO 14040 --- [    Test worker] .s.d.r.c.RepositoryConfigurationDelegate : Finished Spring Data repository scanning in 74 ms. Found 1 JPA repository interfaces.
2022-06-27 20:27:01.338  INFO 14040 --- [    Test worker] o.hibernate.jpa.internal.util.LogHelper  : HHH000204: Processing PersistenceUnitInfo [name: default]
2022-06-27 20:27:01.473  INFO 14040 --- [    Test worker] org.hibernate.Version                    : HHH000412: Hibernate ORM core version 5.6.9.Final
2022-06-27 20:27:01.837  INFO 14040 --- [    Test worker] o.hibernate.annotations.common.Version   : HCANN000001: Hibernate Commons Annotations {5.1.2.Final}
2022-06-27 20:27:02.066  INFO 14040 --- [    Test worker] com.zaxxer.hikari.HikariDataSource       : HikariPool-1 - Starting...
2022-06-27 20:27:02.660  INFO 14040 --- [    Test worker] com.zaxxer.hikari.HikariDataSource       : HikariPool-1 - Start completed.
2022-06-27 20:27:02.685  INFO 14040 --- [    Test worker] org.hibernate.dialect.Dialect            : HHH000400: Using dialect: org.hibernate.dialect.MySQL8Dialect
2022-06-27 20:27:04.202  INFO 14040 --- [    Test worker] o.h.e.t.j.p.i.JtaPlatformInitiator       : HHH000490: Using JtaPlatform implementation: [org.hibernate.engine.transaction.jta.platform.internal.NoJtaPlatform]
2022-06-27 20:27:04.214  INFO 14040 --- [    Test worker] j.LocalContainerEntityManagerFactoryBean : Initialized JPA EntityManagerFactory for persistence unit 'default'
2022-06-27 20:27:05.124  WARN 14040 --- [    Test worker] JpaBaseConfiguration$JpaWebConfiguration : spring.jpa.open-in-view is enabled by default. Therefore, database queries may be performed during view rendering. Explicitly configure spring.jpa.open-in-view to disable this warning
2022-06-27 20:27:06.264  INFO 14040 --- [    Test worker] com.chinu.demo.DemoApplicationTests      : Started DemoApplicationTests in 7.818 seconds (JVM running for 9.608)
]]></system-out>
  <system-err><![CDATA[]]></system-err>
</testsuite>
